/Users/remywang/metalift/txl/stng/stng_labeled_cloverleaf/stencil/kernel//viscosity_kernel.f90
haha
/Users/remywang/metalift/txl/stng/stng_labeled_cloverleaf/stencil/kernel//update_halo_kernel.f90
haha
haha
haha
haha
haha
haha
haha
haha
haha
haha
haha
haha
haha
haha
haha
haha
haha
haha
haha
haha
haha
haha
haha
haha
haha
haha
haha
haha
haha
haha
haha
haha
haha
haha
haha
haha
haha
haha
haha
haha
haha
haha
haha
haha
haha
haha
haha
haha
haha
haha
haha
haha
haha
haha
haha
haha
haha
haha
haha
haha
/Users/remywang/metalift/txl/stng/stng_labeled_cloverleaf/stencil/kernel//calc_dt_kernel.f90
haha
haha
/Users/remywang/metalift/txl/stng/stng_labeled_cloverleaf/stencil/kernel//pack_kernel.f90
haha
haha
haha
haha
haha
haha
haha
haha
/Users/remywang/metalift/txl/stng/stng_labeled_cloverleaf/stencil/kernel//ideal_gas_kernel.f90
haha
/Users/remywang/metalift/txl/stng/stng_labeled_cloverleaf/stencil/kernel//PdV_kernel.f90
haha
haha
